<?xml version="1.0" encoding="UTF-8"?>
<testsuite name="order_manager_2_tests.TestOrderManager-20230330213727" tests="84" file="order_manager_2_tests.py" time="1.731" timestamp="2023-03-30T21:37:30" failures="0" errors="0" skipped="0">
	<testcase classname="order_manager_2_tests.TestOrderManager" name="test_send_product_correct_t1" time="0.028" timestamp="2023-03-30T21:37:28"/>
	<testcase classname="order_manager_2_tests.TestOrderManager" name="test_send_product_correct_t41_duplicate" time="0.034" timestamp="2023-03-30T21:37:28"/>
	<testcase classname="order_manager_2_tests.TestOrderManager" name="test_send_product_correct_t43_duplicate" time="0.025" timestamp="2023-03-30T21:37:28"/>
	<testcase classname="order_manager_2_tests.TestOrderManager" name="test_send_product_correct_t47_modify" time="0.028" timestamp="2023-03-30T21:37:28"/>
	<testcase classname="order_manager_2_tests.TestOrderManager" name="test_send_product_correct_t49_modify" time="0.026" timestamp="2023-03-30T21:37:28"/>
	<testcase classname="order_manager_2_tests.TestOrderManager" name="test_send_product_incorrect_email_long" time="0.020" timestamp="2023-03-30T21:37:28"/>
	<testcase classname="order_manager_2_tests.TestOrderManager" name="test_send_product_incorrect_hash_character" time="0.020" timestamp="2023-03-30T21:37:28"/>
	<testcase classname="order_manager_2_tests.TestOrderManager" name="test_send_product_incorrect_hash_long" time="0.020" timestamp="2023-03-30T21:37:28"/>
	<testcase classname="order_manager_2_tests.TestOrderManager" name="test_send_product_incorrect_hash_short" time="0.019" timestamp="2023-03-30T21:37:28"/>
	<testcase classname="order_manager_2_tests.TestOrderManager" name="test_send_product_incorrect_t10_delete" time="0.013" timestamp="2023-03-30T21:37:28"/>
	<testcase classname="order_manager_2_tests.TestOrderManager" name="test_send_product_incorrect_t10_duplicate" time="0.021" timestamp="2023-03-30T21:37:28"/>
	<testcase classname="order_manager_2_tests.TestOrderManager" name="test_send_product_incorrect_t11_delete" time="0.020" timestamp="2023-03-30T21:37:28"/>
	<testcase classname="order_manager_2_tests.TestOrderManager" name="test_send_product_incorrect_t11_duplicate" time="0.017" timestamp="2023-03-30T21:37:28"/>
	<testcase classname="order_manager_2_tests.TestOrderManager" name="test_send_product_incorrect_t12_delete" time="0.019" timestamp="2023-03-30T21:37:28"/>
	<testcase classname="order_manager_2_tests.TestOrderManager" name="test_send_product_incorrect_t12_duplicate" time="0.019" timestamp="2023-03-30T21:37:28"/>
	<testcase classname="order_manager_2_tests.TestOrderManager" name="test_send_product_incorrect_t13_modify" time="0.019" timestamp="2023-03-30T21:37:28"/>
	<testcase classname="order_manager_2_tests.TestOrderManager" name="test_send_product_incorrect_t14_delete" time="0.018" timestamp="2023-03-30T21:37:28"/>
	<testcase classname="order_manager_2_tests.TestOrderManager" name="test_send_product_incorrect_t14_duplicate" time="0.024" timestamp="2023-03-30T21:37:28"/>
	<testcase classname="order_manager_2_tests.TestOrderManager" name="test_send_product_incorrect_t15_delete" time="0.018" timestamp="2023-03-30T21:37:28"/>
	<testcase classname="order_manager_2_tests.TestOrderManager" name="test_send_product_incorrect_t15_duplicate" time="0.018" timestamp="2023-03-30T21:37:28"/>
	<testcase classname="order_manager_2_tests.TestOrderManager" name="test_send_product_incorrect_t16_delete" time="0.019" timestamp="2023-03-30T21:37:28"/>
	<testcase classname="order_manager_2_tests.TestOrderManager" name="test_send_product_incorrect_t16_duplicate" time="0.020" timestamp="2023-03-30T21:37:28"/>
	<testcase classname="order_manager_2_tests.TestOrderManager" name="test_send_product_incorrect_t17_delete" time="0.019" timestamp="2023-03-30T21:37:28"/>
	<testcase classname="order_manager_2_tests.TestOrderManager" name="test_send_product_incorrect_t17_duplicate" time="0.019" timestamp="2023-03-30T21:37:28"/>
	<testcase classname="order_manager_2_tests.TestOrderManager" name="test_send_product_incorrect_t18_delete" time="0.018" timestamp="2023-03-30T21:37:28"/>
	<testcase classname="order_manager_2_tests.TestOrderManager" name="test_send_product_incorrect_t18_duplicate" time="0.019" timestamp="2023-03-30T21:37:28"/>
	<testcase classname="order_manager_2_tests.TestOrderManager" name="test_send_product_incorrect_t19_delete" time="0.018" timestamp="2023-03-30T21:37:28"/>
	<testcase classname="order_manager_2_tests.TestOrderManager" name="test_send_product_incorrect_t19_duplicate" time="0.018" timestamp="2023-03-30T21:37:28"/>
	<testcase classname="order_manager_2_tests.TestOrderManager" name="test_send_product_incorrect_t20_modify" time="0.018" timestamp="2023-03-30T21:37:28"/>
	<testcase classname="order_manager_2_tests.TestOrderManager" name="test_send_product_incorrect_t21_delete" time="0.021" timestamp="2023-03-30T21:37:29"/>
	<testcase classname="order_manager_2_tests.TestOrderManager" name="test_send_product_incorrect_t21_duplicate" time="0.021" timestamp="2023-03-30T21:37:29"/>
	<testcase classname="order_manager_2_tests.TestOrderManager" name="test_send_product_incorrect_t22_delete" time="0.030" timestamp="2023-03-30T21:37:29"/>
	<testcase classname="order_manager_2_tests.TestOrderManager" name="test_send_product_incorrect_t22_duplicate" time="0.022" timestamp="2023-03-30T21:37:29"/>
	<testcase classname="order_manager_2_tests.TestOrderManager" name="test_send_product_incorrect_t23_delete" time="0.013" timestamp="2023-03-30T21:37:29"/>
	<testcase classname="order_manager_2_tests.TestOrderManager" name="test_send_product_incorrect_t23_duplicate" time="0.021" timestamp="2023-03-30T21:37:29"/>
	<testcase classname="order_manager_2_tests.TestOrderManager" name="test_send_product_incorrect_t24_delete" time="0.019" timestamp="2023-03-30T21:37:29"/>
	<testcase classname="order_manager_2_tests.TestOrderManager" name="test_send_product_incorrect_t24_duplicate" time="0.020" timestamp="2023-03-30T21:37:29"/>
	<testcase classname="order_manager_2_tests.TestOrderManager" name="test_send_product_incorrect_t25_delete" time="0.020" timestamp="2023-03-30T21:37:29"/>
	<testcase classname="order_manager_2_tests.TestOrderManager" name="test_send_product_incorrect_t25_duplicate" time="0.019" timestamp="2023-03-30T21:37:29"/>
	<testcase classname="order_manager_2_tests.TestOrderManager" name="test_send_product_incorrect_t26_delete" time="0.021" timestamp="2023-03-30T21:37:29"/>
	<testcase classname="order_manager_2_tests.TestOrderManager" name="test_send_product_incorrect_t26_duplicate" time="0.018" timestamp="2023-03-30T21:37:29"/>
	<testcase classname="order_manager_2_tests.TestOrderManager" name="test_send_product_incorrect_t27_modify" time="0.019" timestamp="2023-03-30T21:37:29"/>
	<testcase classname="order_manager_2_tests.TestOrderManager" name="test_send_product_incorrect_t28_delete" time="0.019" timestamp="2023-03-30T21:37:29"/>
	<testcase classname="order_manager_2_tests.TestOrderManager" name="test_send_product_incorrect_t28_duplicate" time="0.020" timestamp="2023-03-30T21:37:29"/>
	<testcase classname="order_manager_2_tests.TestOrderManager" name="test_send_product_incorrect_t29_delete" time="0.034" timestamp="2023-03-30T21:37:29"/>
	<testcase classname="order_manager_2_tests.TestOrderManager" name="test_send_product_incorrect_t29_duplicate" time="0.021" timestamp="2023-03-30T21:37:29"/>
	<testcase classname="order_manager_2_tests.TestOrderManager" name="test_send_product_incorrect_t2_delete" time="0.011" timestamp="2023-03-30T21:37:29"/>
	<testcase classname="order_manager_2_tests.TestOrderManager" name="test_send_product_incorrect_t2_duplicate" time="0.019" timestamp="2023-03-30T21:37:29"/>
	<testcase classname="order_manager_2_tests.TestOrderManager" name="test_send_product_incorrect_t30_delete" time="0.019" timestamp="2023-03-30T21:37:29"/>
	<testcase classname="order_manager_2_tests.TestOrderManager" name="test_send_product_incorrect_t30_duplicate" time="0.018" timestamp="2023-03-30T21:37:29"/>
	<testcase classname="order_manager_2_tests.TestOrderManager" name="test_send_product_incorrect_t31_modify" time="0.020" timestamp="2023-03-30T21:37:29"/>
	<testcase classname="order_manager_2_tests.TestOrderManager" name="test_send_product_incorrect_t32_modify" time="0.018" timestamp="2023-03-30T21:37:29"/>
	<testcase classname="order_manager_2_tests.TestOrderManager" name="test_send_product_incorrect_t33_modify" time="0.018" timestamp="2023-03-30T21:37:29"/>
	<testcase classname="order_manager_2_tests.TestOrderManager" name="test_send_product_incorrect_t34_modify" time="0.019" timestamp="2023-03-30T21:37:29"/>
	<testcase classname="order_manager_2_tests.TestOrderManager" name="test_send_product_incorrect_t35_modify" time="0.044" timestamp="2023-03-30T21:37:29"/>
	<testcase classname="order_manager_2_tests.TestOrderManager" name="test_send_product_incorrect_t36_modify" time="0.013" timestamp="2023-03-30T21:37:29"/>
	<testcase classname="order_manager_2_tests.TestOrderManager" name="test_send_product_incorrect_t37_modify" time="0.020" timestamp="2023-03-30T21:37:29"/>
	<testcase classname="order_manager_2_tests.TestOrderManager" name="test_send_product_incorrect_t38_modify" time="0.022" timestamp="2023-03-30T21:37:29"/>
	<testcase classname="order_manager_2_tests.TestOrderManager" name="test_send_product_incorrect_t39_modify" time="0.019" timestamp="2023-03-30T21:37:29"/>
	<testcase classname="order_manager_2_tests.TestOrderManager" name="test_send_product_incorrect_t3_delete" time="0.020" timestamp="2023-03-30T21:37:29"/>
	<testcase classname="order_manager_2_tests.TestOrderManager" name="test_send_product_incorrect_t3_duplicate" time="0.018" timestamp="2023-03-30T21:37:29"/>
	<testcase classname="order_manager_2_tests.TestOrderManager" name="test_send_product_incorrect_t40_modify" time="0.020" timestamp="2023-03-30T21:37:29"/>
	<testcase classname="order_manager_2_tests.TestOrderManager" name="test_send_product_incorrect_t41_delete" time="0.027" timestamp="2023-03-30T21:37:29"/>
	<testcase classname="order_manager_2_tests.TestOrderManager" name="test_send_product_incorrect_t42_delete" time="0.022" timestamp="2023-03-30T21:37:30"/>
	<testcase classname="order_manager_2_tests.TestOrderManager" name="test_send_product_incorrect_t42_duplicate" time="0.020" timestamp="2023-03-30T21:37:30"/>
	<testcase classname="order_manager_2_tests.TestOrderManager" name="test_send_product_incorrect_t43_delete" time="0.021" timestamp="2023-03-30T21:37:30"/>
	<testcase classname="order_manager_2_tests.TestOrderManager" name="test_send_product_incorrect_t44_delete" time="0.023" timestamp="2023-03-30T21:37:30"/>
	<testcase classname="order_manager_2_tests.TestOrderManager" name="test_send_product_incorrect_t44_duplicate" time="0.027" timestamp="2023-03-30T21:37:30"/>
	<testcase classname="order_manager_2_tests.TestOrderManager" name="test_send_product_incorrect_t45_delete" time="0.021" timestamp="2023-03-30T21:37:30"/>
	<testcase classname="order_manager_2_tests.TestOrderManager" name="test_send_product_incorrect_t46_modify" time="0.013" timestamp="2023-03-30T21:37:30"/>
	<testcase classname="order_manager_2_tests.TestOrderManager" name="test_send_product_incorrect_t48_modify" time="0.027" timestamp="2023-03-30T21:37:30"/>
	<testcase classname="order_manager_2_tests.TestOrderManager" name="test_send_product_incorrect_t4_delete" time="0.013" timestamp="2023-03-30T21:37:30"/>
	<testcase classname="order_manager_2_tests.TestOrderManager" name="test_send_product_incorrect_t4_duplicate" time="0.022" timestamp="2023-03-30T21:37:30"/>
	<testcase classname="order_manager_2_tests.TestOrderManager" name="test_send_product_incorrect_t50_modify" time="0.027" timestamp="2023-03-30T21:37:30"/>
	<testcase classname="order_manager_2_tests.TestOrderManager" name="test_send_product_incorrect_t51_modify" time="0.024" timestamp="2023-03-30T21:37:30"/>
	<testcase classname="order_manager_2_tests.TestOrderManager" name="test_send_product_incorrect_t5_modify" time="0.013" timestamp="2023-03-30T21:37:30"/>
	<testcase classname="order_manager_2_tests.TestOrderManager" name="test_send_product_incorrect_t6_delete" time="0.022" timestamp="2023-03-30T21:37:30"/>
	<testcase classname="order_manager_2_tests.TestOrderManager" name="test_send_product_incorrect_t6_duplicate" time="0.020" timestamp="2023-03-30T21:37:30"/>
	<testcase classname="order_manager_2_tests.TestOrderManager" name="test_send_product_incorrect_t7_delete" time="0.019" timestamp="2023-03-30T21:37:30"/>
	<testcase classname="order_manager_2_tests.TestOrderManager" name="test_send_product_incorrect_t7_duplicate" time="0.019" timestamp="2023-03-30T21:37:30"/>
	<testcase classname="order_manager_2_tests.TestOrderManager" name="test_send_product_incorrect_t8_delete" time="0.020" timestamp="2023-03-30T21:37:30"/>
	<testcase classname="order_manager_2_tests.TestOrderManager" name="test_send_product_incorrect_t8_duplicate" time="0.019" timestamp="2023-03-30T21:37:30"/>
	<testcase classname="order_manager_2_tests.TestOrderManager" name="test_send_product_incorrect_t9_modify" time="0.023" timestamp="2023-03-30T21:37:30"/>
	<testcase classname="order_manager_2_tests.TestOrderManager" name="test_send_product_incorrect_vacio" time="0.025" timestamp="2023-03-30T21:37:30"/>
</testsuite>
